INFO 2021-01-03 12:49:24,289 schedule : Running job Every 1 minute do main('http://localhost:8000/health') (last run: 2021-01-03 12:48:23, next run: 2021-01-03 12:49:23)
INFO 2021-01-03 12:49:26,320 root : Ñåðâåð äîñòóïíèé. ×àñ íà ñåðâåð³: 2021-01-03T12:49:26.318
INFO 2021-01-03 12:49:26,320 root : Çàïèòóâàíà ñòîð³íêà: : /health/
INFO 2021-01-03 12:49:26,320 root : Â³äïîâ³äü ñåðâåðà ì³ñòè íàñòóïí³ ïîëÿ:
INFO 2021-01-03 12:49:26,320 root : Êëþ÷: date, Çíà÷åííÿ: 2021-01-03T12:49:26.318
INFO 2021-01-03 12:49:26,320 root : Êëþ÷: current_page, Çíà÷åííÿ: /health/
INFO 2021-01-03 12:49:26,320 root : Êëþ÷: server_info, Çíà÷åííÿ: nt
INFO 2021-01-03 12:49:26,320 root : Êëþ÷: client_info, Çíà÷åííÿ: python-requests/2.25.1
INFO 2021-01-03 12:51:26,176 schedule : Running job Every 1 minute do main('http://localhost:8000/health') (last run: [never], next run: 2021-01-03 12:51:25)
INFO 2021-01-03 12:51:28,268 root : Ñåðâåð äîñòóïíèé. ×àñ íà ñåðâåð³: 2021-01-03T12:51:28.265
INFO 2021-01-03 12:51:28,269 root : Çàïèòóâàíà ñòîð³íêà: : /health/
INFO 2021-01-03 12:51:28,269 root : Â³äïîâ³äü ñåðâåðà ì³ñòè íàñòóïí³ ïîëÿ:
INFO 2021-01-03 12:51:28,269 root : Êëþ÷: date, Çíà÷åííÿ: 2021-01-03T12:51:28.265
INFO 2021-01-03 12:51:28,269 root : Êëþ÷: current_page, Çíà÷åííÿ: /health/
INFO 2021-01-03 12:51:28,269 root : Êëþ÷: server_info, Çíà÷åííÿ: nt
INFO 2021-01-03 12:51:28,269 root : Êëþ÷: client_info, Çíà÷åííÿ: python-requests/2.25.1
INFO 2021-01-03 12:52:28,838 schedule : Running job Every 1 minute do main('http://localhost:8000/health') (last run: 2021-01-03 12:51:28, next run: 2021-01-03 12:52:28)
INFO 2021-01-03 12:52:30,883 root : Ñåðâåð äîñòóïíèé. ×àñ íà ñåðâåð³: 2021-01-03T12:52:30.881
INFO 2021-01-03 12:52:30,883 root : Çàïèòóâàíà ñòîð³íêà: : /health/
INFO 2021-01-03 12:52:30,883 root : Â³äïîâ³äü ñåðâåðà ì³ñòè íàñòóïí³ ïîëÿ:
INFO 2021-01-03 12:52:30,883 root : Êëþ÷: date, Çíà÷åííÿ: 2021-01-03T12:52:30.881
INFO 2021-01-03 12:52:30,883 root : Êëþ÷: current_page, Çíà÷åííÿ: /health/
INFO 2021-01-03 12:52:30,884 root : Êëþ÷: server_info, Çíà÷åííÿ: nt
INFO 2021-01-03 12:52:30,884 root : Êëþ÷: client_info, Çíà÷åííÿ: python-requests/2.25.1
INFO 2021-01-03 12:53:31,390 schedule : Running job Every 1 minute do main('http://localhost:8000/health') (last run: 2021-01-03 12:52:30, next run: 2021-01-03 12:53:30)
INFO 2021-01-03 12:53:33,445 root : Ñåðâåð äîñòóïíèé. ×àñ íà ñåðâåð³: 2021-01-03T12:53:33.443
INFO 2021-01-03 12:53:33,445 root : Çàïèòóâàíà ñòîð³íêà: : /health/
INFO 2021-01-03 12:53:33,445 root : Â³äïîâ³äü ñåðâåðà ì³ñòè íàñòóïí³ ïîëÿ:
INFO 2021-01-03 12:53:33,445 root : Êëþ÷: date, Çíà÷åííÿ: 2021-01-03T12:53:33.443
INFO 2021-01-03 12:53:33,445 root : Êëþ÷: current_page, Çíà÷åííÿ: /health/
INFO 2021-01-03 12:53:33,445 root : Êëþ÷: server_info, Çíà÷åííÿ: nt
INFO 2021-01-03 12:53:33,446 root : Êëþ÷: client_info, Çíà÷åííÿ: python-requests/2.25.1
INFO 2021-01-03 12:54:34,037 schedule : Running job Every 1 minute do main('http://localhost:8000/health') (last run: 2021-01-03 12:53:33, next run: 2021-01-03 12:54:33)
INFO 2021-01-03 12:54:36,078 root : Ñåðâåð äîñòóïíèé. ×àñ íà ñåðâåð³: 2021-01-03T12:54:36.076
INFO 2021-01-03 12:54:36,078 root : Çàïèòóâàíà ñòîð³íêà: : /health/
INFO 2021-01-03 12:54:36,078 root : Â³äïîâ³äü ñåðâåðà ì³ñòè íàñòóïí³ ïîëÿ:
INFO 2021-01-03 12:54:36,078 root : Êëþ÷: date, Çíà÷åííÿ: 2021-01-03T12:54:36.076
INFO 2021-01-03 12:54:36,079 root : Êëþ÷: current_page, Çíà÷åííÿ: /health/
INFO 2021-01-03 12:54:36,079 root : Êëþ÷: server_info, Çíà÷åííÿ: nt
INFO 2021-01-03 12:54:36,079 root : Êëþ÷: client_info, Çíà÷åííÿ: python-requests/2.25.1
INFO 2021-01-03 12:55:36,682 schedule : Running job Every 1 minute do main('http://localhost:8000/health') (last run: 2021-01-03 12:54:36, next run: 2021-01-03 12:55:36)
INFO 2021-01-03 12:55:38,719 root : Ñåðâåð äîñòóïíèé. ×àñ íà ñåðâåð³: 2021-01-03T12:55:38.718
INFO 2021-01-03 12:55:38,720 root : Çàïèòóâàíà ñòîð³íêà: : /health/
INFO 2021-01-03 12:55:38,720 root : Â³äïîâ³äü ñåðâåðà ì³ñòè íàñòóïí³ ïîëÿ:
INFO 2021-01-03 12:55:38,720 root : Êëþ÷: date, Çíà÷åííÿ: 2021-01-03T12:55:38.718
INFO 2021-01-03 12:55:38,720 root : Êëþ÷: current_page, Çíà÷åííÿ: /health/
INFO 2021-01-03 12:55:38,720 root : Êëþ÷: server_info, Çíà÷åííÿ: nt
INFO 2021-01-03 12:55:38,720 root : Êëþ÷: client_info, Çíà÷åííÿ: python-requests/2.25.1
INFO 2021-01-03 12:56:39,331 schedule : Running job Every 1 minute do main('http://localhost:8000/health') (last run: 2021-01-03 12:55:38, next run: 2021-01-03 12:56:38)
INFO 2021-01-03 12:56:41,374 root : Ñåðâåð äîñòóïíèé. ×àñ íà ñåðâåð³: 2021-01-03T12:56:41.372
INFO 2021-01-03 12:56:41,374 root : Çàïèòóâàíà ñòîð³íêà: : /health/
INFO 2021-01-03 12:56:41,374 root : Â³äïîâ³äü ñåðâåðà ì³ñòè íàñòóïí³ ïîëÿ:
INFO 2021-01-03 12:56:41,374 root : Êëþ÷: date, Çíà÷åííÿ: 2021-01-03T12:56:41.372
INFO 2021-01-03 12:56:41,374 root : Êëþ÷: current_page, Çíà÷åííÿ: /health/
INFO 2021-01-03 12:56:41,374 root : Êëþ÷: server_info, Çíà÷åííÿ: nt
INFO 2021-01-03 12:56:41,375 root : Êëþ÷: client_info, Çíà÷åííÿ: python-requests/2.25.1
INFO 2021-01-03 12:57:41,966 schedule : Running job Every 1 minute do main('http://localhost:8000/health') (last run: 2021-01-03 12:56:41, next run: 2021-01-03 12:57:41)
INFO 2021-01-03 12:57:44,464 root : Ñåðâåð äîñòóïíèé. ×àñ íà ñåðâåð³: 2021-01-03T12:57:44.462
INFO 2021-01-03 12:57:44,464 root : Çàïèòóâàíà ñòîð³íêà: : /health/
INFO 2021-01-03 12:57:44,464 root : Â³äïîâ³äü ñåðâåðà ì³ñòè íàñòóïí³ ïîëÿ:
INFO 2021-01-03 12:57:44,465 root : Êëþ÷: date, Çíà÷åííÿ: 2021-01-03T12:57:44.462
INFO 2021-01-03 12:57:44,465 root : Êëþ÷: current_page, Çíà÷åííÿ: /health/
INFO 2021-01-03 12:57:44,465 root : Êëþ÷: server_info, Çíà÷åííÿ: nt
INFO 2021-01-03 12:57:44,465 root : Êëþ÷: client_info, Çíà÷åííÿ: python-requests/2.25.1
INFO 2021-01-03 12:58:45,104 schedule : Running job Every 1 minute do main('http://localhost:8000/health') (last run: 2021-01-03 12:57:44, next run: 2021-01-03 12:58:44)
INFO 2021-01-03 12:58:47,401 root : Ñåðâåð äîñòóïíèé. ×àñ íà ñåðâåð³: 2021-01-03T12:58:47.398
INFO 2021-01-03 12:58:47,401 root : Çàïèòóâàíà ñòîð³íêà: : /health/
INFO 2021-01-03 12:58:47,401 root : Â³äïîâ³äü ñåðâåðà ì³ñòè íàñòóïí³ ïîëÿ:
INFO 2021-01-03 12:58:47,401 root : Êëþ÷: date, Çíà÷åííÿ: 2021-01-03T12:58:47.398
INFO 2021-01-03 12:58:47,402 root : Êëþ÷: current_page, Çíà÷åííÿ: /health/
INFO 2021-01-03 12:58:47,402 root : Êëþ÷: server_info, Çíà÷åííÿ: nt
INFO 2021-01-03 12:58:47,402 root : Êëþ÷: client_info, Çíà÷åííÿ: python-requests/2.25.1
INFO 2021-01-03 12:59:48,033 schedule : Running job Every 1 minute do main('http://localhost:8000/health') (last run: 2021-01-03 12:58:47, next run: 2021-01-03 12:59:47)
INFO 2021-01-03 12:59:50,089 root : Ñåðâåð äîñòóïíèé. ×àñ íà ñåðâåð³: 2021-01-03T12:59:50.087
INFO 2021-01-03 12:59:50,089 root : Çàïèòóâàíà ñòîð³íêà: : /health/
INFO 2021-01-03 12:59:50,090 root : Â³äïîâ³äü ñåðâåðà ì³ñòè íàñòóïí³ ïîëÿ:
INFO 2021-01-03 12:59:50,090 root : Êëþ÷: date, Çíà÷åííÿ: 2021-01-03T12:59:50.087
INFO 2021-01-03 12:59:50,090 root : Êëþ÷: current_page, Çíà÷åííÿ: /health/
INFO 2021-01-03 12:59:50,090 root : Êëþ÷: server_info, Çíà÷åííÿ: nt
INFO 2021-01-03 12:59:50,090 root : Êëþ÷: client_info, Çíà÷åííÿ: python-requests/2.25.1
INFO 2021-01-03 13:00:50,665 schedule : Running job Every 1 minute do main('http://localhost:8000/health') (last run: 2021-01-03 12:59:50, next run: 2021-01-03 13:00:50)
INFO 2021-01-03 13:00:52,720 root : Ñåðâåð äîñòóïíèé. ×àñ íà ñåðâåð³: 2021-01-03T13:00:52.717
INFO 2021-01-03 13:00:52,720 root : Çàïèòóâàíà ñòîð³íêà: : /health/
INFO 2021-01-03 13:00:52,720 root : Â³äïîâ³äü ñåðâåðà ì³ñòè íàñòóïí³ ïîëÿ:
INFO 2021-01-03 13:00:52,720 root : Êëþ÷: date, Çíà÷åííÿ: 2021-01-03T13:00:52.717
INFO 2021-01-03 13:00:52,721 root : Êëþ÷: current_page, Çíà÷åííÿ: /health/
INFO 2021-01-03 13:00:52,721 root : Êëþ÷: server_info, Çíà÷åííÿ: nt
INFO 2021-01-03 13:00:52,721 root : Êëþ÷: client_info, Çíà÷åííÿ: python-requests/2.25.1
INFO 2021-01-03 13:01:53,186 schedule : Running job Every 1 minute do main('http://localhost:8000/health') (last run: 2021-01-03 13:00:52, next run: 2021-01-03 13:01:52)
INFO 2021-01-03 13:01:55,234 root : Ñåðâåð äîñòóïíèé. ×àñ íà ñåðâåð³: 2021-01-03T13:01:55.229
INFO 2021-01-03 13:01:55,234 root : Çàïèòóâàíà ñòîð³íêà: : /health/
INFO 2021-01-03 13:01:55,234 root : Â³äïîâ³äü ñåðâåðà ì³ñòè íàñòóïí³ ïîëÿ:
INFO 2021-01-03 13:01:55,235 root : Êëþ÷: date, Çíà÷åííÿ: 2021-01-03T13:01:55.229
INFO 2021-01-03 13:01:55,235 root : Êëþ÷: current_page, Çíà÷åííÿ: /health/
INFO 2021-01-03 13:01:55,235 root : Êëþ÷: server_info, Çíà÷åííÿ: nt
INFO 2021-01-03 13:01:55,235 root : Êëþ÷: client_info, Çíà÷åííÿ: python-requests/2.25.1
INFO 2021-01-03 13:02:55,742 schedule : Running job Every 1 minute do main('http://localhost:8000/health') (last run: 2021-01-03 13:01:55, next run: 2021-01-03 13:02:55)
ERROR 2021-01-03 13:02:59,799 root : Ñåðâåð íå äîñòóïíèé.
